[Info  - 16:18:54] 1427 files total
[Info  - 16:18:54] Indexing project for definitions and static references
Parsing file:///var/www/web/packagist/php-validator/tests/TestCase.php
Parsing file:///var/www/web/packagist/php-validator/tests/Validation/ValidatorTest.php
Parsing file:///var/www/web/packagist/php-validator/tests/DataProviders/ValidatorDataProvider.php
Parsing file:///var/www/web/packagist/php-validator/src/Validation/Validator.php
Parsing file:///var/www/web/packagist/php-validator/vendor/autoload.php
Parsing file:///var/www/web/packagist/php-validator/vendor/composer/autoload_psr4.php
Parsing file:///var/www/web/packagist/php-validator/vendor/composer/ClassLoader.php
Parsing file:///var/www/web/packagist/php-validator/vendor/composer/autoload_files.php
Parsing file:///var/www/web/packagist/php-validator/vendor/composer/autoload_classmap.php
Parsing file:///var/www/web/packagist/php-validator/vendor/composer/autoload_static.php
Parsing file:///var/www/web/packagist/php-validator/vendor/composer/autoload_namespaces.php
Parsing file:///var/www/web/packagist/php-validator/vendor/composer/autoload_real.php
[Info  - 16:18:55] Indexing project for dynamic references
Parsing file:///var/www/web/packagist/php-validator/tests/TestCase.php
Parsing file:///var/www/web/packagist/php-validator/tests/Validation/ValidatorTest.php
Parsing file:///var/www/web/packagist/php-validator/tests/DataProviders/ValidatorDataProvider.php
Parsing file:///var/www/web/packagist/php-validator/src/Validation/Validator.php
Parsing file:///var/www/web/packagist/php-validator/vendor/autoload.php
Parsing file:///var/www/web/packagist/php-validator/vendor/composer/autoload_psr4.php
Parsing file:///var/www/web/packagist/php-validator/vendor/composer/ClassLoader.php
Parsing file:///var/www/web/packagist/php-validator/vendor/composer/autoload_files.php
Parsing file:///var/www/web/packagist/php-validator/vendor/composer/autoload_classmap.php
Parsing file:///var/www/web/packagist/php-validator/vendor/composer/autoload_static.php
Parsing file:///var/www/web/packagist/php-validator/vendor/composer/autoload_namespaces.php
Parsing file:///var/www/web/packagist/php-validator/vendor/composer/autoload_real.php
[Info  - 16:18:55] 34 Packages
[Info  - 16:18:55] Restored phpspec/prophecy:1.7.6 from cache
[Info  - 16:18:55] Restored doctrine/instantiator:1.1.0 from cache
[Info  - 16:18:55] Restored phpunit/php-text-template:1.2.1 from cache
[Info  - 16:18:55] Restored phpunit/php-file-iterator:1.4.5 from cache
[Info  - 16:18:55] Restored phpunit/phpunit:6.5.10 from cache
[Info  - 16:18:55] Restored phpunit/php-timer:1.0.9 from cache
[Info  - 16:18:55] Restored phpunit/php-code-coverage:5.3.2 from cache
[Info  - 16:18:55] Restored phpunit/phpunit-mock-objects:5.0.8 from cache
[Info  - 16:18:55] Restored phpunit/php-token-stream:2.0.2 from cache
[Info  - 16:18:55] Restored theseer/tokenizer:1.1.0 from cache
[Info  - 16:18:55] Restored hamcrest/hamcrest-php:1.2.2 from cache
[Info  - 16:18:55] Restored sebastian/object-reflector:1.1.1 from cache
[Info  - 16:18:55] Restored sebastian/code-unit-reverse-lookup:1.0.1 from cache
[Info  - 16:18:55] Restored sebastian/comparator:2.1.3 from cache
[Info  - 16:18:55] Restored sebastian/version:2.0.1 from cache
[Info  - 16:18:55] Restored sebastian/global-state:2.0.0 from cache
[Info  - 16:18:55] Restored sebastian/exporter:3.1.0 from cache
[Info  - 16:18:55] Restored sebastian/diff:2.0.1 from cache
[Info  - 16:18:55] Restored sebastian/recursion-context:3.0.0 from cache
[Info  - 16:18:55] Restored sebastian/object-enumerator:3.0.3 from cache
[Info  - 16:18:55] Restored sebastian/environment:3.1.0 from cache
[Info  - 16:18:55] Restored sebastian/resource-operations:1.0.0 from cache
[Info  - 16:18:55] Restored myclabs/deep-copy:1.8.1 from cache
[Info  - 16:18:55] Restored phar-io/manifest:1.0.1 from cache
[Info  - 16:18:55] Restored phar-io/version:1.0.1 from cache
[Info  - 16:18:55] Restored paragonie/random_compat:2.0.17 from cache
[Info  - 16:18:56] Restored phpdocumentor/reflection-common:1.0.1 from cache
[Info  - 16:18:56] Restored phpdocumentor/reflection-docblock:4.3.0 from cache
[Info  - 16:18:56] Restored phpdocumentor/type-resolver:0.4.0 from cache
[Info  - 16:18:56] Restored mockery/mockery:0.9.9 from cache
[Info  - 16:18:56] Restored symfony/http-foundation:3.4.14 from cache
[Info  - 16:18:56] Restored symfony/polyfill-mbstring:1.8.0 from cache
[Info  - 16:18:56] Restored symfony/polyfill-php70:1.8.0 from cache
[Info  - 16:18:56] Restored webmozart/assert:1.3.0 from cache
[Info  - 16:18:56] All 1427 PHP files parsed in 1 seconds. 172 MiB allocated.
